<?xml version="1.0" encoding="UTF-8"?>
<!-- Generated by org.testng.reporters.JUnitReportReporter -->
<testsuite hostname="LAPTOP-J3KOVRNU" failures="0" tests="1" name="ModuleTestClass.FlightBooking" time="33.417" errors="0" timestamp="2023-04-02T18:12:06 IST" skipped="0">
  <testcase classname="ModuleTestClass.FlightBooking" name="verifyUserID" time="33.417"/>
  <system-out/>
</testsuite> <!-- ModuleTestClass.FlightBooking -->
